Compilación iniciada a las 19/11/2013 08:40:58 p.m..
     1>Proyecto "C:\Users\LATITUDE\Desktop\Grafo_grafico\Grafo_grafico\Grafo_grafico.vcxproj" en el nodo 2 (Build destinos).
     1>ClCompile:
         C:\Program Files (x86)\Microsoft Visual Studio 11.0\VC\bin\CL.exe /c /Ic:\libxl\include_cpp /AI"C:\Program Files (x86)\Reference Assemblies\Microsoft\Framework\.NETFramework\v4.5\\" /AI"C:\Program Files (x86)\Windows Kits\8.0\References\CommonConfiguration\Neutral" /AI"C:\Program Files (x86)\Reference Assemblies\Microsoft\Framework\.NETFramework\v4.5\Facades\\" /Zi /clr:pure /nologo /W3 /WX- /Od /Oy- /D WIN32 /D _DEBUG /D _UNICODE /D UNICODE /EHa /MDd /GS /fp:precise /Zc:wchar_t /Zc:forScope /Yu"stdafx.h" /Fp"Debug\Grafo_grafico.pch" /Fo"Debug\\" /Fd"Debug\vc110.pdb" /TP /FU"C:\Program Files (x86)\Reference Assemblies\Microsoft\Framework\.NETFramework\v4.5\mscorlib.dll" /FU"C:\Program Files (x86)\Reference Assemblies\Microsoft\Framework\.NETFramework\v4.5\System.Data.dll" /FU"C:\Program Files (x86)\Reference Assemblies\Microsoft\Framework\.NETFramework\v4.5\System.dll" /FU"C:\Program Files (x86)\Reference Assemblies\Microsoft\Framework\.NETFramework\v4.5\System.Drawing.dll" /FU"C:\Program Files (x86)\Reference Assemblies\Microsoft\Framework\.NETFramework\v4.5\System.Windows.Forms.dll" /FU"C:\Program Files (x86)\Reference Assemblies\Microsoft\Framework\.NETFramework\v4.5\System.Xml.dll" /analyze- /errorReport:prompt /clr:nostdlib Grafo_grafico.cpp
         Grafo_grafico.cpp
     1>c:\users\latitude\desktop\grafo_grafico\grafo_grafico\Form1.h(84): warning C4677: 'listavertices': la firma de un miembro no privado contiene un tipo privado de ensamblado de 'ListaVertices'
                 c:\users\latitude\desktop\grafo_grafico\grafo_grafico\ListaVertices.h(4) : vea la declaración de 'ListaVertices'
     1>c:\users\latitude\desktop\grafo_grafico\grafo_grafico\Form1.h(381): warning C4244: 'inicializando' : conversión de 'double' a 'int'; posible pérdida de datos
       Link:
         C:\Program Files (x86)\Microsoft Visual Studio 11.0\VC\bin\link.exe /ERRORREPORT:PROMPT /OUT:"C:\Users\LATITUDE\Desktop\Grafo_grafico\Debug\Grafo_grafico.exe" /INCREMENTAL /NOLOGO /LIBPATH:c:\libxl\lib libxl.lib kernel32.lib user32.lib gdi32.lib winspool.lib comdlg32.lib advapi32.lib shell32.lib ole32.lib oleaut32.lib uuid.lib odbc32.lib odbccp32.lib /ASSEMBLYRESOURCE:Debug\Grafo_grafico.Form1.resources /MANIFEST /MANIFESTUAC:"level='asInvoker' uiAccess='false'" /manifest:embed /DEBUG /PDB:"C:\Users\LATITUDE\Desktop\Grafo_grafico\Debug\Grafo_grafico.pdb" /ASSEMBLYDEBUG /SUBSYSTEM:WINDOWS /TLBID:1 /ENTRY:"main" /DYNAMICBASE /FIXED:NO /NXCOMPAT /MACHINE:X86 Debug\app.res
         Debug\Arcos.obj
         Debug\AssemblyInfo.obj
         Debug\Grafo_grafico.obj
         Debug\ListaArcos.obj
         Debug\ListaVertices.obj
         Debug\stdafx.obj
         Debug\Vertice.obj
         "Debug\.NETFramework,Version=v4.5.AssemblyAttributes.obj"
         Grafo_grafico.vcxproj -> C:\Users\LATITUDE\Desktop\Grafo_grafico\Debug\Grafo_grafico.exe
     1>Compilación del proyecto terminada "C:\Users\LATITUDE\Desktop\Grafo_grafico\Grafo_grafico\Grafo_grafico.vcxproj" (Build destinos).

Build succeeded.

Tiempo transcurrido 00:00:03.15
